# JRE version: Java(TM) SE Runtime Environment (19.0.1+10) (build 19.0.1+10-21)
# Java VM: Java HotSpot(TM) 64-Bit Server VM (19.0.1+10-21, mixed mode, sharing, tiered, compressed oops, compressed class ptrs, g1 gc, windows-amd64)
GC Precious Log:
 CardTable entry size: 512
 Card Set container configuration: InlinePtr #cards 5 size 8 Array Of Cards #cards 12 size 40 Howl #buckets 4 coarsen threshold 1843 Howl Bitmap #cards 512 size 80 coarsen threshold 460 Card regions per heap region 1 cards per card region 2048
 CPUs: 8 total, 8 available
 Memory: 7975M
 Large Page Support: Disabled
 NUMA Support: Disabled
 Compressed Oops: Enabled (32-bit)
 Heap Region Size: 1M
 Heap Min Capacity: 8M
 Heap Initial Capacity: 126M
 Heap Max Capacity: 1994M
 Pre-touch: Disabled
 Parallel Workers: 8
 Concurrent Workers: 2
 Concurrent Refinement Workers: 8
 Periodic GC: Disabled
Heap:
 garbage-first heap   total 155648K, used 51203K [0x0000000083600000, 0x0000000100000000)
  region size 1024K, 35 young (35840K), 5 survivors (5120K)
 Metaspace       used 53836K, committed 54528K, reserved 1114112K
  class space    used 6640K, committed 6976K, reserved 1048576K
GC Heap History (20 events):
Event: 2.135 GC heap before
{Heap before GC invocations=5 (full 0):
 garbage-first heap   total 51200K, used 39248K [0x0000000083600000, 0x0000000100000000)
  region size 1024K, 32 young (32768K), 6 survivors (6144K)
 Metaspace       used 23054K, committed 23360K, reserved 1114112K
  class space    used 2652K, committed 2816K, reserved 1048576K
}
Event: 2.146 GC heap after
{Heap after GC invocations=6 (full 0):
 garbage-first heap   total 51200K, used 13185K [0x0000000083600000, 0x0000000100000000)
  region size 1024K, 1 young (1024K), 1 survivors (1024K)
 Metaspace       used 23054K, committed 23360K, reserved 1114112K
  class space    used 2652K, committed 2816K, reserved 1048576K
}
Event: 2.154 GC heap before
{Heap before GC invocations=6 (full 0):
 garbage-first heap   total 51200K, used 14209K [0x0000000083600000, 0x0000000100000000)
  region size 1024K, 2 young (2048K), 1 survivors (1024K)
 Metaspace       used 23148K, committed 23488K, reserved 1114112K
  class space    used 2665K, committed 2816K, reserved 1048576K
}
Event: 2.158 GC heap after
{Heap after GC invocations=7 (full 0):
 garbage-first heap   total 61440K, used 13699K [0x0000000083600000, 0x0000000100000000)
  region size 1024K, 1 young (1024K), 1 survivors (1024K)
 Metaspace       used 23148K, committed 23488K, reserved 1114112K
  class space    used 2665K, committed 2816K, reserved 1048576K
}
Event: 2.603 GC heap before
{Heap before GC invocations=7 (full 0):
 garbage-first heap   total 61440K, used 45443K [0x0000000083600000, 0x0000000100000000)
  region size 1024K, 33 young (33792K), 1 survivors (1024K)
 Metaspace       used 26472K, committed 26880K, reserved 1114112K
  class space    used 3159K, committed 3328K, reserved 1048576K
}
Event: 2.608 GC heap after
{Heap after GC invocations=8 (full 0):
 garbage-first heap   total 61440K, used 15468K [0x0000000083600000, 0x0000000100000000)
  region size 1024K, 3 young (3072K), 3 survivors (3072K)
 Metaspace       used 26472K, committed 26880K, reserved 1114112K
  class space    used 3159K, committed 3328K, reserved 1048576K
}
Event: 2.985 GC heap before
{Heap before GC invocations=8 (full 0):
 garbage-first heap   total 61440K, used 46188K [0x0000000083600000, 0x0000000100000000)
  region size 1024K, 33 young (33792K), 3 survivors (3072K)
 Metaspace       used 29907K, committed 30400K, reserved 1114112K
  class space    used 3556K, committed 3776K, reserved 1048576K
}
Event: 2.989 GC heap after
{Heap after GC invocations=9 (full 0):
 garbage-first heap   total 61440K, used 16679K [0x0000000083600000, 0x0000000100000000)
  region size 1024K, 4 young (4096K), 4 survivors (4096K)
 Metaspace       used 29907K, committed 30400K, reserved 1114112K
  class space    used 3556K, committed 3776K, reserved 1048576K
}
Event: 3.313 GC heap before
{Heap before GC invocations=9 (full 0):
 garbage-first heap   total 61440K, used 46375K [0x0000000083600000, 0x0000000100000000)
  region size 1024K, 34 young (34816K), 4 survivors (4096K)
 Metaspace       used 34045K, committed 34560K, reserved 1114112K
  class space    used 3987K, committed 4224K, reserved 1048576K
}
Event: 3.316 GC heap after
{Heap after GC invocations=10 (full 0):
 garbage-first heap   total 61440K, used 17455K [0x0000000083600000, 0x0000000100000000)
  region size 1024K, 3 young (3072K), 3 survivors (3072K)
 Metaspace       used 34045K, committed 34560K, reserved 1114112K
  class space    used 3987K, committed 4224K, reserved 1048576K
}
Event: 3.468 GC heap before
{Heap before GC invocations=10 (full 0):
 garbage-first heap   total 61440K, used 35887K [0x0000000083600000, 0x0000000100000000)
  region size 1024K, 22 young (22528K), 3 survivors (3072K)
 Metaspace       used 35670K, committed 36096K, reserved 1114112K
  class space    used 4223K, committed 4416K, reserved 1048576K
}
Event: 3.470 GC heap after
{Heap after GC invocations=11 (full 0):
 garbage-first heap   total 61440K, used 17911K [0x0000000083600000, 0x0000000100000000)
  region size 1024K, 3 young (3072K), 3 survivors (3072K)
 Metaspace       used 35670K, committed 36096K, reserved 1114112K
  class space    used 4223K, committed 4416K, reserved 1048576K
}
Event: 3.743 GC heap before
{Heap before GC invocations=12 (full 0):
 garbage-first heap   total 61440K, used 49655K [0x0000000083600000, 0x0000000100000000)
  region size 1024K, 34 young (34816K), 3 survivors (3072K)
 Metaspace       used 38525K, committed 39040K, reserved 1114112K
  class space    used 4702K, committed 4928K, reserved 1048576K
}
Event: 3.746 GC heap after
{Heap after GC invocations=13 (full 0):
 garbage-first heap   total 61440K, used 18691K [0x0000000083600000, 0x0000000100000000)
  region size 1024K, 4 young (4096K), 4 survivors (4096K)
 Metaspace       used 38525K, committed 39040K, reserved 1114112K
  class space    used 4702K, committed 4928K, reserved 1048576K
}
Event: 3.749 GC heap before
{Heap before GC invocations=13 (full 0):
 garbage-first heap   total 61440K, used 19715K [0x0000000083600000, 0x0000000100000000)
  region size 1024K, 5 young (5120K), 4 survivors (4096K)
 Metaspace       used 38597K, committed 39104K, reserved 1114112K
  class space    used 4706K, committed 4928K, reserved 1048576K
}
Event: 3.752 GC heap after
{Heap after GC invocations=14 (full 0):
 garbage-first heap   total 61440K, used 18277K [0x0000000083600000, 0x0000000100000000)
  region size 1024K, 1 young (1024K), 1 survivors (1024K)
 Metaspace       used 38597K, committed 39104K, reserved 1114112K
  class space    used 4706K, committed 4928K, reserved 1048576K
}
Event: 3.974 GC heap before
{Heap before GC invocations=14 (full 0):
 garbage-first heap   total 61440K, used 48997K [0x0000000083600000, 0x0000000100000000)
  region size 1024K, 32 young (32768K), 1 survivors (1024K)
 Metaspace       used 41770K, committed 42304K, reserved 1114112K
  class space    used 5118K, committed 5376K, reserved 1048576K
}
Event: 3.978 GC heap after
{Heap after GC invocations=15 (full 0):
 garbage-first heap   total 155648K, used 18456K [0x0000000083600000, 0x0000000100000000)
  region size 1024K, 1 young (1024K), 1 survivors (1024K)
 Metaspace       used 41770K, committed 42304K, reserved 1114112K
  class space    used 5118K, committed 5376K, reserved 1048576K
}
Event: 14.998 GC heap before
{Heap before GC invocations=15 (full 0):
 garbage-first heap   total 155648K, used 110616K [0x0000000083600000, 0x0000000100000000)
  region size 1024K, 91 young (93184K), 1 survivors (1024K)
 Metaspace       used 50441K, committed 51072K, reserved 1114112K
  class space    used 6280K, committed 6592K, reserved 1048576K
}
Event: 15.005 GC heap after
{Heap after GC invocations=16 (full 0):
 garbage-first heap   total 155648K, used 22531K [0x0000000083600000, 0x0000000100000000)
  region size 1024K, 5 young (5120K), 5 survivors (5120K)
 Metaspace       used 50441K, committed 51072K, reserved 1114112K
  class space    used 6280K, committed 6592K, reserved 1048576K
}

